<?xml version="1.0" encoding="UTF-8"?>
<!-- Generated by org.testng.reporters.JUnitXMLReporter -->
<testsuite ignored="2" hostname="chauthai" failures="3" tests="3" name="minh" time="0.048" errors="0" timestamp="2022-10-30T22:45:19 EDT">
  <testcase classname="orlandoHealthloginPage.OrlandoHealthLoginPageTest" name="user_click_on_Mychart" time="0.005">
    <failure type="java.lang.NullPointerException" message="Cannot invoke &amp;quot;org.openqa.selenium.WebDriver.get(String)&amp;quot; because &amp;quot;this.driver&amp;quot; is null">
      <![CDATA[java.lang.NullPointerException: Cannot invoke "org.openqa.selenium.WebDriver.get(String)" because "this.driver" is null
at orlandoHealthloginPage.OrlandoHealthLoginPageTest.user_click_on_Mychart(OrlandoHealthLoginPageTest.java:61)
at java.base/java.util.ArrayList.forEach(ArrayList.java:1511)
at com.intellij.rt.testng.IDEARemoteTestNG.run(IDEARemoteTestNG.java:66)
at com.intellij.rt.testng.RemoteTestNGStarter.main(RemoteTestNGStarter.java:109)
... Removed 22 stack frames]]>
    </failure>
  </testcase> <!-- user_click_on_Mychart -->
  <testcase classname="orlandoHealthloginPage.OrlandoHealthLoginPageTest" name="user_click_on_appointment" time="0.0">
    <failure type="java.lang.NullPointerException" message="Cannot invoke &amp;quot;org.openqa.selenium.WebDriver.get(String)&amp;quot; because &amp;quot;this.driver&amp;quot; is null">
      <![CDATA[java.lang.NullPointerException: Cannot invoke "org.openqa.selenium.WebDriver.get(String)" because "this.driver" is null
at orlandoHealthloginPage.OrlandoHealthLoginPageTest.user_click_on_appointment(OrlandoHealthLoginPageTest.java:67)
at java.base/java.util.ArrayList.forEach(ArrayList.java:1511)
at com.intellij.rt.testng.IDEARemoteTestNG.run(IDEARemoteTestNG.java:66)
at com.intellij.rt.testng.RemoteTestNGStarter.main(RemoteTestNGStarter.java:109)
... Removed 22 stack frames]]>
    </failure>
  </testcase> <!-- user_click_on_appointment -->
  <testcase classname="orlandoHealthloginPage.OrlandoHealthLoginPageTest" name="user_click_on_cardiology" time="0.0">
    <failure type="java.lang.NullPointerException" message="Cannot invoke &amp;quot;org.openqa.selenium.WebDriver.get(String)&amp;quot; because &amp;quot;this.driver&amp;quot; is null">
      <![CDATA[java.lang.NullPointerException: Cannot invoke "org.openqa.selenium.WebDriver.get(String)" because "this.driver" is null
at orlandoHealthloginPage.OrlandoHealthLoginPageTest.user_click_on_cardiology(OrlandoHealthLoginPageTest.java:77)
at java.base/java.util.ArrayList.forEach(ArrayList.java:1511)
at com.intellij.rt.testng.IDEARemoteTestNG.run(IDEARemoteTestNG.java:66)
at com.intellij.rt.testng.RemoteTestNGStarter.main(RemoteTestNGStarter.java:109)
... Removed 22 stack frames]]>
    </failure>
  </testcase> <!-- user_click_on_cardiology -->
  <testcase classname="orlandoHealthloginPage.OrlandoHealthLoginPageTest" name="userCanSeeSignUpNow" time="0.0">
    <ignored/>
  </testcase> <!-- userCanSeeSignUpNow -->
  <testcase classname="orlandoHealthloginPage.OrlandoHealthLoginPageTest" name="dfjk" time="0.0">
    <ignored/>
  </testcase> <!-- dfjk -->
</testsuite> <!-- minh -->
