<?xml version="1.0" encoding="UTF-8"?>
<!-- Generated by org.testng.reporters.JUnitXMLReporter -->
<testsuite ignored="0" hostname="chauthai" failures="0" tests="5" name="Surefire test" time="35.631" errors="0" timestamp="2022-10-31T00:12:17 EDT">
  <testcase classname="orlandoHealthloginPage.OrlandoHealthLoginPageTest" name="dfjk" time="0.002"/>
  <testcase classname="orlandoHealthloginPage.OrlandoHealthLoginPageTest" name="userCanSeeSignUpNow" time="8.804"/>
  <testcase classname="orlandoHealthloginPage.OrlandoHealthLoginPageTest" name="user_click_on_Mychart" time="3.426"/>
  <testcase classname="orlandoHealthloginPage.OrlandoHealthLoginPageTest" name="user_click_on_appointment" time="3.469"/>
  <testcase classname="orlandoHealthloginPage.OrlandoHealthLoginPageTest" name="user_click_on_cardiology" time="3.68"/>
</testsuite> <!-- Surefire test -->
