<?xml version="1.0" encoding="UTF-8"?>
<!-- Generated by org.testng.reporters.JUnitXMLReporter -->
<testsuite ignored="8" hostname="chauthai" failures="0" tests="3" name="dfjk" time="0.059" errors="0" timestamp="2022-10-30T22:26:45 EDT">
  <testcase classname="orlandoHealthloginPage.OrlandoHealthLoginPageTest" name="dfjk" time="0.006"/>
  <testcase classname="orlandoHealthSignUpPage.OrlandoSignUpPageTest" name="dfjk" time="0.001"/>
  <testcase classname="OrlandoMyChartByEpic.OrlandoMyChartByEpicPageTest" name="dfjk" time="0.001"/>
  <testcase classname="orlandoHealthloginPage.OrlandoHealthLoginPageTest" name="userCanSeeSignUpNow" time="0.0">
    <ignored/>
  </testcase> <!-- userCanSeeSignUpNow -->
  <testcase classname="orlandoHealthloginPage.OrlandoHealthLoginPageTest" name="user_click_on_appointment" time="0.0">
    <ignored/>
  </testcase> <!-- user_click_on_appointment -->
  <testcase classname="orlandoHealthloginPage.OrlandoHealthLoginPageTest" name="user_click_on_cardiology" time="0.0">
    <ignored/>
  </testcase> <!-- user_click_on_cardiology -->
  <testcase classname="orlandoHealthSignUpPage.OrlandoSignUpPageTest" name="userShouldSeeSubMenu" time="0.0">
    <ignored/>
  </testcase> <!-- userShouldSeeSubMenu -->
  <testcase classname="OrlandoMyChartByEpic.OrlandoMyChartByEpicPageTest" name="testingWithNumber" time="0.0">
    <ignored/>
  </testcase> <!-- testingWithNumber -->
  <testcase classname="OrlandoMyChartByEpic.OrlandoMyChartByEpicPageTest" name="userCanSeeBackWord" time="0.0">
    <ignored/>
  </testcase> <!-- userCanSeeBackWord -->
  <testcase classname="OrlandoMyChartByEpic.OrlandoMyChartByEpicPageTest" name="userSeeMyChartByEpic" time="0.0">
    <ignored/>
  </testcase> <!-- userSeeMyChartByEpic -->
  <testcase classname="orlandoHealthloginPage.OrlandoHealthLoginPageTest" name="user_click_on_Mychart" time="0.0">
    <ignored/>
  </testcase> <!-- user_click_on_Mychart -->
</testsuite> <!-- dfjk -->
