<?xml version="1.0" encoding="UTF-8"?>
<!-- Generated by org.testng.reporters.JUnitXMLReporter -->
<testsuite ignored="2" hostname="chauthai" failures="0" tests="1" name="SrollingUpAndDown" time="0.057" errors="0" timestamp="2022-10-30T22:26:45 EDT">
  <testcase classname="scrollingUpscrollingDown.ScrollingDownAndThenScrollingUp" name="dfjk" time="0.006"/>
  <testcase classname="scrollingUpscrollingDown.ScrollingDownAndThenScrollingUp" name="SrollingUpAndDown" time="0.0">
    <ignored/>
  </testcase> <!-- SrollingUpAndDown -->
  <testcase classname="scrollingUpscrollingDown.OrlandoHealthScrolling" name="SrollingUpAndDown" time="0.0">
    <ignored/>
  </testcase> <!-- SrollingUpAndDown -->
</testsuite> <!-- SrollingUpAndDown -->
