<?xml version="1.0" encoding="UTF-8"?>
<testng-results ignored="0" total="5" passed="5" failed="0" skipped="0">
  <reporter-output>
  </reporter-output>
  <suite started-at="2022-10-31T00:11:41 EDT" name="Surefire suite" finished-at="2022-10-31T00:12:17 EDT" duration-ms="35631">
    <groups>
      <group name="regression">
        <method signature="OrlandoHealthLoginPageTest.userCanSeeSignUpNow()[pri:0, instance:orlandoHealthloginPage.OrlandoHealthLoginPageTest@19d37183]" name="userCanSeeSignUpNow" class="orlandoHealthloginPage.OrlandoHealthLoginPageTest"/>
        <method signature="OrlandoHealthLoginPageTest.user_click_on_Mychart()[pri:0, instance:orlandoHealthloginPage.OrlandoHealthLoginPageTest@19d37183]" name="user_click_on_Mychart" class="orlandoHealthloginPage.OrlandoHealthLoginPageTest"/>
        <method signature="OrlandoHealthLoginPageTest.user_click_on_appointment()[pri:0, instance:orlandoHealthloginPage.OrlandoHealthLoginPageTest@19d37183]" name="user_click_on_appointment" class="orlandoHealthloginPage.OrlandoHealthLoginPageTest"/>
        <method signature="OrlandoHealthLoginPageTest.user_click_on_cardiology()[pri:0, instance:orlandoHealthloginPage.OrlandoHealthLoginPageTest@19d37183]" name="user_click_on_cardiology" class="orlandoHealthloginPage.OrlandoHealthLoginPageTest"/>
      </group> <!-- regression -->
      <group name="smoke">
        <method signature="OrlandoHealthLoginPageTest.dfjk()[pri:0, instance:orlandoHealthloginPage.OrlandoHealthLoginPageTest@19d37183]" name="dfjk" class="orlandoHealthloginPage.OrlandoHealthLoginPageTest"/>
      </group> <!-- smoke -->
    </groups>
    <test started-at="2022-10-31T00:11:41 EDT" name="Surefire test" finished-at="2022-10-31T00:12:17 EDT" duration-ms="35631">
      <class name="orlandoHealthloginPage.OrlandoHealthLoginPageTest">
        <test-method is-config="true" signature="dkjfd()[pri:0, instance:orlandoHealthloginPage.OrlandoHealthLoginPageTest@19d37183]" started-at="2022-10-31T00:11:41 EDT" name="dkjfd" finished-at="2022-10-31T00:11:41 EDT" duration-ms="8" status="PASS">
          <reporter-output>
          </reporter-output>
        </test-method> <!-- dkjfd -->
        <test-method is-config="true" signature="launchTheWebSite()[pri:0, instance:orlandoHealthloginPage.OrlandoHealthLoginPageTest@19d37183]" started-at="2022-10-31T00:11:41 EDT" name="launchTheWebSite" finished-at="2022-10-31T00:11:45 EDT" duration-ms="3464" status="PASS">
          <reporter-output>
          </reporter-output>
        </test-method> <!-- launchTheWebSite -->
        <test-method signature="dfjk()[pri:0, instance:orlandoHealthloginPage.OrlandoHealthLoginPageTest@19d37183]" started-at="2022-10-31T00:11:45 EDT" name="dfjk" finished-at="2022-10-31T00:11:45 EDT" duration-ms="2" status="PASS">
          <reporter-output>
          </reporter-output>
        </test-method> <!-- dfjk -->
        <test-method is-config="true" signature="kjfd()[pri:0, instance:orlandoHealthloginPage.OrlandoHealthLoginPageTest@19d37183]" started-at="2022-10-31T00:11:45 EDT" name="kjfd" finished-at="2022-10-31T00:11:45 EDT" duration-ms="249" status="PASS">
          <reporter-output>
          </reporter-output>
        </test-method> <!-- kjfd -->
        <test-method is-config="true" signature="launchTheWebSite()[pri:0, instance:orlandoHealthloginPage.OrlandoHealthLoginPageTest@19d37183]" started-at="2022-10-31T00:11:45 EDT" name="launchTheWebSite" finished-at="2022-10-31T00:11:48 EDT" duration-ms="3447" status="PASS">
          <reporter-output>
          </reporter-output>
        </test-method> <!-- launchTheWebSite -->
        <test-method signature="userCanSeeSignUpNow()[pri:0, instance:orlandoHealthloginPage.OrlandoHealthLoginPageTest@19d37183]" started-at="2022-10-31T00:11:48 EDT" name="userCanSeeSignUpNow" finished-at="2022-10-31T00:11:57 EDT" duration-ms="8804" status="PASS">
          <reporter-output>
          </reporter-output>
        </test-method> <!-- userCanSeeSignUpNow -->
        <test-method is-config="true" signature="kjfd()[pri:0, instance:orlandoHealthloginPage.OrlandoHealthLoginPageTest@19d37183]" started-at="2022-10-31T00:11:57 EDT" name="kjfd" finished-at="2022-10-31T00:11:58 EDT" duration-ms="419" status="PASS">
          <reporter-output>
          </reporter-output>
        </test-method> <!-- kjfd -->
        <test-method is-config="true" signature="launchTheWebSite()[pri:0, instance:orlandoHealthloginPage.OrlandoHealthLoginPageTest@19d37183]" started-at="2022-10-31T00:11:58 EDT" name="launchTheWebSite" finished-at="2022-10-31T00:12:00 EDT" duration-ms="2569" status="PASS">
          <reporter-output>
          </reporter-output>
        </test-method> <!-- launchTheWebSite -->
        <test-method signature="user_click_on_Mychart()[pri:0, instance:orlandoHealthloginPage.OrlandoHealthLoginPageTest@19d37183]" started-at="2022-10-31T00:12:00 EDT" name="user_click_on_Mychart" finished-at="2022-10-31T00:12:04 EDT" duration-ms="3426" status="PASS">
          <reporter-output>
          </reporter-output>
        </test-method> <!-- user_click_on_Mychart -->
        <test-method is-config="true" signature="kjfd()[pri:0, instance:orlandoHealthloginPage.OrlandoHealthLoginPageTest@19d37183]" started-at="2022-10-31T00:12:04 EDT" name="kjfd" finished-at="2022-10-31T00:12:04 EDT" duration-ms="268" status="PASS">
          <reporter-output>
          </reporter-output>
        </test-method> <!-- kjfd -->
        <test-method is-config="true" signature="launchTheWebSite()[pri:0, instance:orlandoHealthloginPage.OrlandoHealthLoginPageTest@19d37183]" started-at="2022-10-31T00:12:04 EDT" name="launchTheWebSite" finished-at="2022-10-31T00:12:06 EDT" duration-ms="2538" status="PASS">
          <reporter-output>
          </reporter-output>
        </test-method> <!-- launchTheWebSite -->
        <test-method signature="user_click_on_appointment()[pri:0, instance:orlandoHealthloginPage.OrlandoHealthLoginPageTest@19d37183]" started-at="2022-10-31T00:12:06 EDT" name="user_click_on_appointment" finished-at="2022-10-31T00:12:10 EDT" duration-ms="3469" status="PASS">
          <reporter-output>
          </reporter-output>
        </test-method> <!-- user_click_on_appointment -->
        <test-method is-config="true" signature="kjfd()[pri:0, instance:orlandoHealthloginPage.OrlandoHealthLoginPageTest@19d37183]" started-at="2022-10-31T00:12:10 EDT" name="kjfd" finished-at="2022-10-31T00:12:10 EDT" duration-ms="274" status="PASS">
          <reporter-output>
          </reporter-output>
        </test-method> <!-- kjfd -->
        <test-method is-config="true" signature="launchTheWebSite()[pri:0, instance:orlandoHealthloginPage.OrlandoHealthLoginPageTest@19d37183]" started-at="2022-10-31T00:12:10 EDT" name="launchTheWebSite" finished-at="2022-10-31T00:12:13 EDT" duration-ms="2640" status="PASS">
          <reporter-output>
          </reporter-output>
        </test-method> <!-- launchTheWebSite -->
        <test-method signature="user_click_on_cardiology()[pri:0, instance:orlandoHealthloginPage.OrlandoHealthLoginPageTest@19d37183]" started-at="2022-10-31T00:12:13 EDT" name="user_click_on_cardiology" finished-at="2022-10-31T00:12:16 EDT" duration-ms="3680" status="PASS">
          <reporter-output>
          </reporter-output>
        </test-method> <!-- user_click_on_cardiology -->
        <test-method is-config="true" signature="kjfd()[pri:0, instance:orlandoHealthloginPage.OrlandoHealthLoginPageTest@19d37183]" started-at="2022-10-31T00:12:16 EDT" name="kjfd" finished-at="2022-10-31T00:12:17 EDT" duration-ms="328" status="PASS">
          <reporter-output>
          </reporter-output>
        </test-method> <!-- kjfd -->
      </class> <!-- orlandoHealthloginPage.OrlandoHealthLoginPageTest -->
    </test> <!-- Surefire test -->
  </suite> <!-- Surefire suite -->
</testng-results>
