<?xml version="1.0" encoding="UTF-8"?>
<testng-results ignored="0" total="1" passed="1" failed="0" skipped="0">
  <reporter-output>
  </reporter-output>
  <suite started-at="2022-09-20T09:59:36 EDT" name="Default Suite" finished-at="2022-09-20T09:59:36 EDT" duration-ms="47">
    <groups>
    </groups>
    <test started-at="2022-09-20T09:59:36 EDT" name="testNGSept11" finished-at="2022-09-20T09:59:36 EDT" duration-ms="47">
      <class name="orlandoHealthSignUpPage.OrlandoSignUpPageTest">
        <test-method signature="dk()[pri:0, instance:orlandoHealthSignUpPage.OrlandoSignUpPageTest@147ed70f]" started-at="2022-09-20T09:59:36 EDT" name="dk" finished-at="2022-09-20T09:59:36 EDT" duration-ms="0" status="PASS">
          <reporter-output>
          </reporter-output>
        </test-method> <!-- dk -->
      </class> <!-- orlandoHealthSignUpPage.OrlandoSignUpPageTest -->
    </test> <!-- testNGSept11 -->
  </suite> <!-- Default Suite -->
</testng-results>
